1659147355692	geckodriver	INFO	Listening on 127.0.0.1:51617
1659147358771	mozrunner::runner	INFO	Running command: "C:\\Program Files\\Mozilla Firefox\\firefox.exe" "--marionette" "--remote-debugging-port" "51618" "--remote-allow-hosts" "localhost" "-no-remote" "-profile" "C:\\Users\\ASUS\\AppData\\Local\\Temp\\rust_mozprofilejyqIhy"
1659147359301	Marionette	INFO	Marionette enabled
1659147359307	Marionette	INFO	Listening on port 51631
WebDriver BiDi listening on ws://localhost:51618
Read port: 51631
1659147359449	RemoteAgent	WARN	TLS certificate errors will be ignored for this session
console.warn: SearchSettings: "get: No settings file exists, new profile?" (new NotFoundError("Could not open the file at C:\\Users\\ASUS\\AppData\\Local\\Temp\\rust_mozprofilejyqIhy\\search.json.mozlz4", (void 0)))
DevTools listening on ws://localhost:51618/devtools/browser/2df8b400-e8e5-41dd-b23c-9f9529b543e9
JavaScript warning: https://hectorstatic.baidu.com/96c9c06653ba892e.js, line 3: WEBGL_debug_renderer_info is deprecated in Firefox and will be removed. Please use RENDERER.
1659147455175	Marionette	INFO	Stopped listening on port 51631
console.warn: TopSitesFeed: Failed to fetch data from Contile server: NetworkError when attempting to fetch resource.
[Parent 27020, IPC I/O Parent] WARNING: file /builds/worker/checkouts/gecko/ipc/chromium/src/base/process_util_win.cc:167
1659147486693	geckodriver	INFO	Listening on 127.0.0.1:51877
1659147489727	mozrunner::runner	INFO	Running command: "C:\\Program Files\\Mozilla Firefox\\firefox.exe" "--marionette" "--remote-debugging-port" "51878" "--remote-allow-hosts" "localhost" "-no-remote" "-profile" "C:\\Users\\ASUS\\AppData\\Local\\Temp\\rust_mozprofileNdNfdI"
1659147490228	Marionette	INFO	Marionette enabled
1659147490233	Marionette	INFO	Listening on port 51890
WebDriver BiDi listening on ws://localhost:51878
Read port: 51890
1659147490387	RemoteAgent	WARN	TLS certificate errors will be ignored for this session
console.warn: SearchSettings: "get: No settings file exists, new profile?" (new NotFoundError("Could not open the file at C:\\Users\\ASUS\\AppData\\Local\\Temp\\rust_mozprofileNdNfdI\\search.json.mozlz4", (void 0)))
DevTools listening on ws://localhost:51878/devtools/browser/90a1619c-aae9-4fb1-b126-939aca0364bd
1659147493854	Marionette	INFO	Stopped listening on port 51890
JavaScript warning: https://hectorstatic.baidu.com/96c9c06653ba892e.js, line 3: WEBGL_debug_renderer_info is deprecated in Firefox and will be removed. Please use RENDERER.
JavaScript error: resource://gre/modules/Sqlite.jsm, line 1109: Error: Sqlite.jsm has been shutdown. Cannot open connection to: C:\Users\ASUS\AppData\Local\Temp\rust_mozprofileNdNfdI\protections.sqlite
